2021-10-17 14:57:15,265 INFO [Thread-18] o.s.s.c.ThreadPoolTaskExecutor [ExecutorConfigurationSupport.java:208] Shutting down ExecutorService 'applicationTaskExecutor'
2021-10-17 14:57:15,270 INFO [Thread-18] c.z.h.HikariDataSource [HikariDataSource.java:350] HikariPool-1 - Shutdown initiated...
2021-10-17 14:57:15,275 INFO [Thread-18] c.z.h.HikariDataSource [HikariDataSource.java:352] HikariPool-1 - Shutdown completed.
2021-10-17 14:57:24,200 INFO [restartedMain] c.n.c.CommunityApplication [StartupInfoLogger.java:50] Starting CommunityApplication on zhaohankaideMBP with PID 28435 (/Users/zhaohankai/Desktop/JAVA/project/community/target/classes started by zhaohankai in /Users/zhaohankai/Desktop/JAVA/project/community)
2021-10-17 14:57:24,209 INFO [restartedMain] c.n.c.CommunityApplication [SpringApplication.java:675] No active profile set, falling back to default profiles: default
2021-10-17 14:57:24,281 INFO [restartedMain] o.s.b.d.e.DevToolsPropertyDefaultsPostProcessor [DeferredLog.java:227] Devtools property defaults active! Set 'spring.devtools.add-properties' to 'false' to disable
2021-10-17 14:57:24,282 INFO [restartedMain] o.s.b.d.e.DevToolsPropertyDefaultsPostProcessor [DeferredLog.java:227] For additional web related logging consider setting the 'logging.level.web' property to 'DEBUG'
2021-10-17 14:57:26,032 INFO [restartedMain] o.s.b.w.e.t.TomcatWebServer [TomcatWebServer.java:90] Tomcat initialized with port(s): 8080 (http)
2021-10-17 14:57:26,060 INFO [restartedMain] o.a.c.h.Http11NioProtocol [DirectJDKLog.java:173] Initializing ProtocolHandler ["http-nio-8080"]
2021-10-17 14:57:26,069 INFO [restartedMain] o.a.c.c.StandardService [DirectJDKLog.java:173] Starting service [Tomcat]
2021-10-17 14:57:26,069 INFO [restartedMain] o.a.c.c.StandardEngine [DirectJDKLog.java:173] Starting Servlet engine: [Apache Tomcat/9.0.19]
2021-10-17 14:57:26,176 INFO [restartedMain] o.a.c.c.C.[.[.[/community] [DirectJDKLog.java:173] Initializing Spring embedded WebApplicationContext
2021-10-17 14:57:26,177 INFO [restartedMain] o.s.w.c.ContextLoader [ServletWebServerApplicationContext.java:296] Root WebApplicationContext: initialization completed in 1895 ms
2021-10-17 14:57:26,973 INFO [restartedMain] o.s.s.c.ThreadPoolTaskExecutor [ExecutorConfigurationSupport.java:171] Initializing ExecutorService 'applicationTaskExecutor'
2021-10-17 14:57:27,107 INFO [restartedMain] o.s.b.a.w.s.WelcomePageHandlerMapping [WelcomePageHandlerMapping.java:61] Adding welcome page template: index
2021-10-17 14:57:27,240 INFO [restartedMain] o.s.b.d.a.OptionalLiveReloadServer [OptionalLiveReloadServer.java:57] LiveReload server is running on port 35729
2021-10-17 14:57:27,278 INFO [restartedMain] o.a.c.h.Http11NioProtocol [DirectJDKLog.java:173] Starting ProtocolHandler ["http-nio-8080"]
2021-10-17 14:57:27,320 INFO [restartedMain] o.s.b.w.e.t.TomcatWebServer [TomcatWebServer.java:204] Tomcat started on port(s): 8080 (http) with context path '/community'
2021-10-17 14:57:27,325 INFO [restartedMain] c.n.c.CommunityApplication [StartupInfoLogger.java:59] Started CommunityApplication in 3.941 seconds (JVM running for 5.296)
2021-10-17 14:57:45,665 INFO [http-nio-8080-exec-2] o.a.c.c.C.[.[.[/community] [DirectJDKLog.java:173] Initializing Spring DispatcherServlet 'dispatcherServlet'
2021-10-17 14:57:45,666 INFO [http-nio-8080-exec-2] o.s.w.s.DispatcherServlet [FrameworkServlet.java:524] Initializing Servlet 'dispatcherServlet'
2021-10-17 14:57:45,680 INFO [http-nio-8080-exec-2] o.s.w.s.DispatcherServlet [FrameworkServlet.java:546] Completed initialization in 14 ms
2021-10-17 14:57:45,750 INFO [http-nio-8080-exec-2] c.z.h.HikariDataSource [HikariDataSource.java:110] HikariPool-1 - Starting...
2021-10-17 14:57:46,015 INFO [http-nio-8080-exec-2] c.z.h.HikariDataSource [HikariDataSource.java:123] HikariPool-1 - Start completed.
2021-10-17 23:17:28,095 INFO [Thread-17] o.s.s.c.ThreadPoolTaskExecutor [ExecutorConfigurationSupport.java:208] Shutting down ExecutorService 'applicationTaskExecutor'
2021-10-17 23:17:28,098 INFO [Thread-17] c.z.h.HikariDataSource [HikariDataSource.java:350] HikariPool-1 - Shutdown initiated...
2021-10-17 23:17:28,102 INFO [Thread-17] c.z.h.HikariDataSource [HikariDataSource.java:352] HikariPool-1 - Shutdown completed.
2021-10-17 23:17:36,394 INFO [restartedMain] c.n.c.CommunityApplication [StartupInfoLogger.java:50] Starting CommunityApplication on zhaohankaideMBP with PID 63577 (/Users/zhaohankai/Desktop/JAVA/project/community/target/classes started by zhaohankai in /Users/zhaohankai/Desktop/JAVA/project/community)
2021-10-17 23:17:36,402 INFO [restartedMain] c.n.c.CommunityApplication [SpringApplication.java:675] No active profile set, falling back to default profiles: default
2021-10-17 23:17:36,500 INFO [restartedMain] o.s.b.d.e.DevToolsPropertyDefaultsPostProcessor [DeferredLog.java:227] Devtools property defaults active! Set 'spring.devtools.add-properties' to 'false' to disable
2021-10-17 23:17:36,500 INFO [restartedMain] o.s.b.d.e.DevToolsPropertyDefaultsPostProcessor [DeferredLog.java:227] For additional web related logging consider setting the 'logging.level.web' property to 'DEBUG'
2021-10-17 23:17:38,422 INFO [restartedMain] o.s.b.w.e.t.TomcatWebServer [TomcatWebServer.java:90] Tomcat initialized with port(s): 8080 (http)
2021-10-17 23:17:38,439 INFO [restartedMain] o.a.c.h.Http11NioProtocol [DirectJDKLog.java:173] Initializing ProtocolHandler ["http-nio-8080"]
2021-10-17 23:17:38,450 INFO [restartedMain] o.a.c.c.StandardService [DirectJDKLog.java:173] Starting service [Tomcat]
2021-10-17 23:17:38,451 INFO [restartedMain] o.a.c.c.StandardEngine [DirectJDKLog.java:173] Starting Servlet engine: [Apache Tomcat/9.0.19]
2021-10-17 23:17:38,550 INFO [restartedMain] o.a.c.c.C.[.[.[/community] [DirectJDKLog.java:173] Initializing Spring embedded WebApplicationContext
2021-10-17 23:17:38,550 INFO [restartedMain] o.s.w.c.ContextLoader [ServletWebServerApplicationContext.java:296] Root WebApplicationContext: initialization completed in 2049 ms
2021-10-17 23:17:39,380 INFO [restartedMain] o.s.s.c.ThreadPoolTaskExecutor [ExecutorConfigurationSupport.java:171] Initializing ExecutorService 'applicationTaskExecutor'
2021-10-17 23:17:39,540 INFO [restartedMain] o.s.b.a.w.s.WelcomePageHandlerMapping [WelcomePageHandlerMapping.java:61] Adding welcome page template: index
2021-10-17 23:17:39,687 INFO [restartedMain] o.s.b.d.a.OptionalLiveReloadServer [OptionalLiveReloadServer.java:57] LiveReload server is running on port 35729
2021-10-17 23:17:39,725 INFO [restartedMain] o.a.c.h.Http11NioProtocol [DirectJDKLog.java:173] Starting ProtocolHandler ["http-nio-8080"]
2021-10-17 23:17:39,767 INFO [restartedMain] o.s.b.w.e.t.TomcatWebServer [TomcatWebServer.java:204] Tomcat started on port(s): 8080 (http) with context path '/community'
2021-10-17 23:17:39,772 INFO [restartedMain] c.n.c.CommunityApplication [StartupInfoLogger.java:59] Started CommunityApplication in 4.341 seconds (JVM running for 5.67)
2021-10-17 23:19:22,321 INFO [http-nio-8080-exec-1] o.a.c.c.C.[.[.[/community] [DirectJDKLog.java:173] Initializing Spring DispatcherServlet 'dispatcherServlet'
2021-10-17 23:19:22,322 INFO [http-nio-8080-exec-1] o.s.w.s.DispatcherServlet [FrameworkServlet.java:524] Initializing Servlet 'dispatcherServlet'
2021-10-17 23:19:22,332 INFO [http-nio-8080-exec-1] o.s.w.s.DispatcherServlet [FrameworkServlet.java:546] Completed initialization in 10 ms
2021-10-17 23:19:22,375 INFO [http-nio-8080-exec-1] c.z.h.HikariDataSource [HikariDataSource.java:110] HikariPool-1 - Starting...
2021-10-17 23:19:22,629 INFO [http-nio-8080-exec-1] c.z.h.HikariDataSource [HikariDataSource.java:123] HikariPool-1 - Start completed.
2021-10-17 23:23:00,530 INFO [Thread-18] o.s.s.c.ThreadPoolTaskExecutor [ExecutorConfigurationSupport.java:208] Shutting down ExecutorService 'applicationTaskExecutor'
2021-10-17 23:23:00,531 INFO [Thread-18] c.z.h.HikariDataSource [HikariDataSource.java:350] HikariPool-1 - Shutdown initiated...
2021-10-17 23:23:00,540 INFO [Thread-18] c.z.h.HikariDataSource [HikariDataSource.java:352] HikariPool-1 - Shutdown completed.
2021-10-17 23:23:06,283 INFO [restartedMain] c.n.c.CommunityApplication [StartupInfoLogger.java:50] Starting CommunityApplication on zhaohankaideMBP with PID 66238 (/Users/zhaohankai/Desktop/JAVA/project/community/target/classes started by zhaohankai in /Users/zhaohankai/Desktop/JAVA/project/community)
2021-10-17 23:23:06,343 INFO [restartedMain] c.n.c.CommunityApplication [SpringApplication.java:675] No active profile set, falling back to default profiles: default
2021-10-17 23:23:06,497 INFO [restartedMain] o.s.b.d.e.DevToolsPropertyDefaultsPostProcessor [DeferredLog.java:227] Devtools property defaults active! Set 'spring.devtools.add-properties' to 'false' to disable
2021-10-17 23:23:06,497 INFO [restartedMain] o.s.b.d.e.DevToolsPropertyDefaultsPostProcessor [DeferredLog.java:227] For additional web related logging consider setting the 'logging.level.web' property to 'DEBUG'
2021-10-17 23:23:08,688 INFO [restartedMain] o.s.b.w.e.t.TomcatWebServer [TomcatWebServer.java:90] Tomcat initialized with port(s): 8080 (http)
2021-10-17 23:23:08,704 INFO [restartedMain] o.a.c.h.Http11NioProtocol [DirectJDKLog.java:173] Initializing ProtocolHandler ["http-nio-8080"]
2021-10-17 23:23:08,714 INFO [restartedMain] o.a.c.c.StandardService [DirectJDKLog.java:173] Starting service [Tomcat]
2021-10-17 23:23:08,715 INFO [restartedMain] o.a.c.c.StandardEngine [DirectJDKLog.java:173] Starting Servlet engine: [Apache Tomcat/9.0.19]
2021-10-17 23:23:08,837 INFO [restartedMain] o.a.c.c.C.[.[.[/community] [DirectJDKLog.java:173] Initializing Spring embedded WebApplicationContext
2021-10-17 23:23:08,838 INFO [restartedMain] o.s.w.c.ContextLoader [ServletWebServerApplicationContext.java:296] Root WebApplicationContext: initialization completed in 2341 ms
2021-10-17 23:23:10,012 INFO [restartedMain] o.s.s.c.ThreadPoolTaskExecutor [ExecutorConfigurationSupport.java:171] Initializing ExecutorService 'applicationTaskExecutor'
2021-10-17 23:23:10,212 INFO [restartedMain] o.s.b.a.w.s.WelcomePageHandlerMapping [WelcomePageHandlerMapping.java:61] Adding welcome page template: index
2021-10-17 23:23:10,437 INFO [restartedMain] o.s.b.d.a.OptionalLiveReloadServer [OptionalLiveReloadServer.java:57] LiveReload server is running on port 35729
2021-10-17 23:23:10,485 INFO [restartedMain] o.a.c.h.Http11NioProtocol [DirectJDKLog.java:173] Starting ProtocolHandler ["http-nio-8080"]
2021-10-17 23:23:10,533 INFO [restartedMain] o.s.b.w.e.t.TomcatWebServer [TomcatWebServer.java:204] Tomcat started on port(s): 8080 (http) with context path '/community'
2021-10-17 23:23:10,539 INFO [restartedMain] c.n.c.CommunityApplication [StartupInfoLogger.java:59] Started CommunityApplication in 5.772 seconds (JVM running for 6.815)
2021-10-17 23:23:22,596 INFO [http-nio-8080-exec-2] o.a.c.c.C.[.[.[/community] [DirectJDKLog.java:173] Initializing Spring DispatcherServlet 'dispatcherServlet'
2021-10-17 23:23:22,597 INFO [http-nio-8080-exec-2] o.s.w.s.DispatcherServlet [FrameworkServlet.java:524] Initializing Servlet 'dispatcherServlet'
2021-10-17 23:23:22,610 INFO [http-nio-8080-exec-2] o.s.w.s.DispatcherServlet [FrameworkServlet.java:546] Completed initialization in 13 ms
2021-10-17 23:23:24,971 INFO [http-nio-8080-exec-3] c.z.h.HikariDataSource [HikariDataSource.java:110] HikariPool-1 - Starting...
2021-10-17 23:23:25,143 INFO [http-nio-8080-exec-3] c.z.h.HikariDataSource [HikariDataSource.java:123] HikariPool-1 - Start completed.
2021-10-17 23:36:55,489 INFO [Thread-20] o.s.s.c.ThreadPoolTaskExecutor [ExecutorConfigurationSupport.java:208] Shutting down ExecutorService 'applicationTaskExecutor'
2021-10-17 23:36:55,491 INFO [Thread-20] c.z.h.HikariDataSource [HikariDataSource.java:350] HikariPool-1 - Shutdown initiated...
2021-10-17 23:36:55,500 INFO [Thread-20] c.z.h.HikariDataSource [HikariDataSource.java:352] HikariPool-1 - Shutdown completed.
2021-10-17 23:40:31,392 INFO [restartedMain] c.n.c.CommunityApplication [StartupInfoLogger.java:50] Starting CommunityApplication on zhaohankaideMBP with PID 74684 (/Users/zhaohankai/Desktop/JAVA/project/community/target/classes started by zhaohankai in /Users/zhaohankai/Desktop/JAVA/project/community)
2021-10-17 23:40:31,398 INFO [restartedMain] c.n.c.CommunityApplication [SpringApplication.java:675] No active profile set, falling back to default profiles: default
2021-10-17 23:40:31,487 INFO [restartedMain] o.s.b.d.e.DevToolsPropertyDefaultsPostProcessor [DeferredLog.java:227] Devtools property defaults active! Set 'spring.devtools.add-properties' to 'false' to disable
2021-10-17 23:40:31,488 INFO [restartedMain] o.s.b.d.e.DevToolsPropertyDefaultsPostProcessor [DeferredLog.java:227] For additional web related logging consider setting the 'logging.level.web' property to 'DEBUG'
2021-10-17 23:40:33,431 INFO [restartedMain] o.s.b.w.e.t.TomcatWebServer [TomcatWebServer.java:90] Tomcat initialized with port(s): 8080 (http)
2021-10-17 23:40:33,445 INFO [restartedMain] o.a.c.h.Http11NioProtocol [DirectJDKLog.java:173] Initializing ProtocolHandler ["http-nio-8080"]
2021-10-17 23:40:33,454 INFO [restartedMain] o.a.c.c.StandardService [DirectJDKLog.java:173] Starting service [Tomcat]
2021-10-17 23:40:33,455 INFO [restartedMain] o.a.c.c.StandardEngine [DirectJDKLog.java:173] Starting Servlet engine: [Apache Tomcat/9.0.19]
2021-10-17 23:40:33,565 INFO [restartedMain] o.a.c.c.C.[.[.[/community] [DirectJDKLog.java:173] Initializing Spring embedded WebApplicationContext
2021-10-17 23:40:33,566 INFO [restartedMain] o.s.w.c.ContextLoader [ServletWebServerApplicationContext.java:296] Root WebApplicationContext: initialization completed in 2078 ms
2021-10-17 23:40:34,485 INFO [restartedMain] o.s.s.c.ThreadPoolTaskExecutor [ExecutorConfigurationSupport.java:171] Initializing ExecutorService 'applicationTaskExecutor'
2021-10-17 23:40:34,644 INFO [restartedMain] o.s.b.a.w.s.WelcomePageHandlerMapping [WelcomePageHandlerMapping.java:61] Adding welcome page template: index
2021-10-17 23:40:34,806 INFO [restartedMain] o.s.b.d.a.OptionalLiveReloadServer [OptionalLiveReloadServer.java:57] LiveReload server is running on port 35729
2021-10-17 23:40:34,847 INFO [restartedMain] o.a.c.h.Http11NioProtocol [DirectJDKLog.java:173] Starting ProtocolHandler ["http-nio-8080"]
2021-10-17 23:40:34,896 INFO [restartedMain] o.s.b.w.e.t.TomcatWebServer [TomcatWebServer.java:204] Tomcat started on port(s): 8080 (http) with context path '/community'
2021-10-17 23:40:34,902 INFO [restartedMain] c.n.c.CommunityApplication [StartupInfoLogger.java:59] Started CommunityApplication in 4.274 seconds (JVM running for 5.372)
2021-10-17 23:40:38,802 INFO [http-nio-8080-exec-1] o.a.c.c.C.[.[.[/community] [DirectJDKLog.java:173] Initializing Spring DispatcherServlet 'dispatcherServlet'
2021-10-17 23:40:38,802 INFO [http-nio-8080-exec-1] o.s.w.s.DispatcherServlet [FrameworkServlet.java:524] Initializing Servlet 'dispatcherServlet'
2021-10-17 23:40:38,812 INFO [http-nio-8080-exec-1] o.s.w.s.DispatcherServlet [FrameworkServlet.java:546] Completed initialization in 9 ms
2021-10-17 23:40:38,858 INFO [http-nio-8080-exec-1] c.z.h.HikariDataSource [HikariDataSource.java:110] HikariPool-1 - Starting...
2021-10-17 23:40:39,051 INFO [http-nio-8080-exec-1] c.z.h.HikariDataSource [HikariDataSource.java:123] HikariPool-1 - Start completed.
